This file contains any messages produced by compilers while
running configure, to aid debugging if configure makes a mistake.

It was created by jtrain configure 0.1_gs01, which was
generated by GNU Autoconf 2.59.  Invocation command line was

  $ ./configure 

## --------- ##
## Platform. ##
## --------- ##

hostname = BueroDB
uname -m = i686
uname -r = 2.6.8-1-k7
uname -s = Linux
uname -v = #1 Thu Nov 11 12:47:56 EST 2004

/usr/bin/uname -p = unknown
/bin/uname -X     = unknown

/bin/arch              = i686
/usr/bin/arch -k       = unknown
/usr/convex/getsysinfo = unknown
hostinfo               = unknown
/bin/machine           = unknown
/usr/bin/oslevel       = unknown
/bin/universe          = unknown

PATH: /usr/local/bin
PATH: /usr/bin
PATH: /bin
PATH: /usr/X11R6/bin
PATH: /usr/games
PATH: /opt/jdk1.5.0/bin
PATH: /opt/ant/bin


## ----------- ##
## Core tests. ##
## ----------- ##

configure:1283: checking for a BSD-compatible install
configure:1338: result: /usr/bin/install -c
configure:1349: checking whether build environment is sane
configure:1392: result: yes
configure:1425: checking for gawk
configure:1441: found /usr/bin/gawk
configure:1451: result: gawk
configure:1461: checking whether make sets $(MAKE)
configure:1481: result: yes
configure:1648: checking for javac
configure:1666: found /opt/jdk1.5.0/bin/javac
configure:1679: result: /opt/jdk1.5.0/bin/javac
configure:1695: checking for jar
configure:1713: found /opt/jdk1.5.0/bin/jar
configure:1726: result: /opt/jdk1.5.0/bin/jar
configure:1908: creating ./config.status

## ---------------------- ##
## Running config.status. ##
## ---------------------- ##

This file was extended by jtrain config.status 0.1_gs01, which was
generated by GNU Autoconf 2.59.  Invocation command line was

  CONFIG_FILES    = 
  CONFIG_HEADERS  = 
  CONFIG_LINKS    = 
  CONFIG_COMMANDS = 
  $ ./config.status 

on BueroDB

config.status:699: creating Makefile
config.status:699: creating data/Makefile
config.status:699: creating doc/Makefile
config.status:699: creating icons/Makefile
config.status:699: creating src/Makefile
config.status:699: creating src/java/de/jtrain/config/Config.java
config.status:699: creating src/jtrain

## ---------------- ##
## Cache variables. ##
## ---------------- ##

ac_cv_env_build_alias_set=
ac_cv_env_build_alias_value=
ac_cv_env_host_alias_set=
ac_cv_env_host_alias_value=
ac_cv_env_target_alias_set=
ac_cv_env_target_alias_value=
ac_cv_path_JAR=/opt/jdk1.5.0/bin/jar
ac_cv_path_JAVAC=/opt/jdk1.5.0/bin/javac
ac_cv_path_install='/usr/bin/install -c'
ac_cv_prog_AWK=gawk
ac_cv_prog_make_make_set=yes

## ----------------- ##
## Output variables. ##
## ----------------- ##

ACLOCAL='${SHELL} /home/ibruell/workspace/jtrain/missing --run aclocal-1.7'
AMTAR='${SHELL} /home/ibruell/workspace/jtrain/missing --run tar'
AUTOCONF='${SHELL} /home/ibruell/workspace/jtrain/missing --run autoconf'
AUTOHEADER='${SHELL} /home/ibruell/workspace/jtrain/missing --run autoheader'
AUTOMAKE='${SHELL} /home/ibruell/workspace/jtrain/missing --run automake-1.7'
AWK='gawk'
CYGPATH_W='echo'
DEFS='-DPACKAGE_NAME=\"jtrain\" -DPACKAGE_TARNAME=\"jtrain\" -DPACKAGE_VERSION=\"0.1_gs01\" -DPACKAGE_STRING=\"jtrain\ 0.1_gs01\" -DPACKAGE_BUGREPORT=\"Guido\ Scholz\ \<guido.scholz@bayernline.de\>\" -DPACKAGE=\"jtrain\" -DVERSION=\"0.1_gs01\" '
DOC_DIR='/usr/local/share/doc'
ECHO_C=''
ECHO_N='-n'
ECHO_T=''
HTMLDIR='/usr/local/share/doc/jtrain/html'
ICONDIR='/usr/local/share/pixmaps'
INSTALL_DATA='${INSTALL} -m 644'
INSTALL_PROGRAM='${INSTALL}'
INSTALL_SCRIPT='${INSTALL}'
INSTALL_STRIP_PROGRAM='${SHELL} $(install_sh) -c -s'
JAR='/opt/jdk1.5.0/bin/jar'
JARDIR='/usr/local/share/java'
JAVAC='/opt/jdk1.5.0/bin/javac'
LIBOBJS=''
LIBS=''
LTLIBOBJS=''
MAKEINFO='${SHELL} /home/ibruell/workspace/jtrain/missing --run makeinfo'
PACKAGE='jtrain'
PACKAGE_BUGREPORT='Guido Scholz <guido.scholz@bayernline.de>'
PACKAGE_NAME='jtrain'
PACKAGE_STRING='jtrain 0.1_gs01'
PACKAGE_TARNAME='jtrain'
PACKAGE_VERSION='0.1_gs01'
PATH_SEPARATOR=':'
SET_MAKE=''
SHELL='/bin/sh'
STRIP=''
VERSION='0.1_gs01'
ac_ct_STRIP=''
am__leading_dot='.'
bindir='${exec_prefix}/bin'
build_alias=''
datadir='${prefix}/share'
exec_prefix='${prefix}'
host_alias=''
includedir='${prefix}/include'
infodir='${prefix}/info'
install_sh='/home/ibruell/workspace/jtrain/install-sh'
libdir='${exec_prefix}/lib'
libexecdir='${exec_prefix}/libexec'
localstatedir='${prefix}/var'
mandir='${prefix}/man'
oldincludedir='/usr/include'
prefix='/usr/local'
program_transform_name='s,x,x,'
sbindir='${exec_prefix}/sbin'
sharedstatedir='${prefix}/com'
sysconfdir='${prefix}/etc'
target_alias=''

## ----------- ##
## confdefs.h. ##
## ----------- ##

#define PACKAGE "jtrain"
#define PACKAGE_BUGREPORT "Guido Scholz <guido.scholz@bayernline.de>"
#define PACKAGE_NAME "jtrain"
#define PACKAGE_STRING "jtrain 0.1_gs01"
#define PACKAGE_TARNAME "jtrain"
#define PACKAGE_VERSION "0.1_gs01"
#define VERSION "0.1_gs01"

configure: exit 0
